<?xml version="1.0" encoding="UTF-8"?>
<testng-results skipped="0" failed="0" ignored="0" total="1" passed="1">
  <reporter-output>
  </reporter-output>
  <suite name="Sapna" duration-ms="20544" started-at="2020-01-24T17:49:00Z" finished-at="2020-01-24T17:49:21Z">
    <groups>
    </groups>
    <test name="Test" duration-ms="20544" started-at="2020-01-24T17:49:00Z" finished-at="2020-01-24T17:49:21Z">
      <class name="sapnaProject.Sapna123.TC_LoginTest_001">
        <test-method status="PASS" signature="setUp(java.lang.String)[pri:0, instance:sapnaProject.Sapna123.TC_LoginTest_001@6fd02e5]" name="setUp" is-config="true" duration-ms="5655" started-at="2020-01-24T17:49:00Z" finished-at="2020-01-24T17:49:06Z">
          <params>
            <param index="0">
              <value>
                <![CDATA[chrome]]>
              </value>
            </param>
          </params>
          <reporter-output>
          </reporter-output>
        </test-method> <!-- setUp -->
        <test-method status="PASS" signature="loginTest()[pri:0, instance:sapnaProject.Sapna123.TC_LoginTest_001@6fd02e5]" name="loginTest" duration-ms="14009" started-at="2020-01-24T17:49:06Z" finished-at="2020-01-24T17:49:20Z">
          <reporter-output>
          </reporter-output>
        </test-method> <!-- loginTest -->
        <test-method status="PASS" signature="tearDown()[pri:0, instance:sapnaProject.Sapna123.TC_LoginTest_001@6fd02e5]" name="tearDown" is-config="true" duration-ms="833" started-at="2020-01-24T17:49:20Z" finished-at="2020-01-24T17:49:21Z">
          <reporter-output>
          </reporter-output>
        </test-method> <!-- tearDown -->
      </class> <!-- sapnaProject.Sapna123.TC_LoginTest_001 -->
    </test> <!-- Test -->
  </suite> <!-- Sapna -->
</testng-results>
