<?xml version="1.0" encoding="UTF-8"?>
<testng-results skipped="0" failed="0" ignored="0" total="1" passed="1">
  <reporter-output>
  </reporter-output>
  <suite name="Sapna" duration-ms="29539" started-at="2020-02-06T17:42:03Z" finished-at="2020-02-06T17:42:33Z">
    <groups>
    </groups>
    <test name="Test" duration-ms="29539" started-at="2020-02-06T17:42:03Z" finished-at="2020-02-06T17:42:33Z">
      <class name="sapnaProject.Sapna123.TC_LoginTest_001">
        <test-method status="PASS" signature="setUp(java.lang.String)[pri:0, instance:sapnaProject.Sapna123.TC_LoginTest_001@6fd02e5]" name="setUp" is-config="true" duration-ms="10676" started-at="2020-02-06T17:42:03Z" finished-at="2020-02-06T17:42:14Z">
          <params>
            <param index="0">
              <value>
                <![CDATA[chrome]]>
              </value>
            </param>
          </params>
          <reporter-output>
          </reporter-output>
        </test-method> <!-- setUp -->
        <test-method status="PASS" signature="loginTest()[pri:0, instance:sapnaProject.Sapna123.TC_LoginTest_001@6fd02e5]" name="loginTest" duration-ms="17771" started-at="2020-02-06T17:42:14Z" finished-at="2020-02-06T17:42:32Z">
          <reporter-output>
          </reporter-output>
        </test-method> <!-- loginTest -->
        <test-method status="PASS" signature="tearDown()[pri:0, instance:sapnaProject.Sapna123.TC_LoginTest_001@6fd02e5]" name="tearDown" is-config="true" duration-ms="1025" started-at="2020-02-06T17:42:32Z" finished-at="2020-02-06T17:42:33Z">
          <reporter-output>
          </reporter-output>
        </test-method> <!-- tearDown -->
      </class> <!-- sapnaProject.Sapna123.TC_LoginTest_001 -->
    </test> <!-- Test -->
  </suite> <!-- Sapna -->
</testng-results>
